<?xml version="1.0" encoding="UTF-8"?>
<!-- Generated by org.testng.reporters.JUnitReportReporter -->
<testsuite skipped="0" hostname="DESKTOP-EKORDLF" name="com.agoda.PasswordChangeTestNG" tests="11" failures="0" timestamp="2019-06-18T06:34:18 IST" time="0.104" errors="0">
  <testcase name="passwordWithNotAllowdedSpecialChars" time="0.000" classname="com.agoda.PasswordChangeTestNG"/>
  <testcase name="passwordWithNoDigits" time="0.000" classname="com.agoda.PasswordChangeTestNG"/>
  <testcase name="passwordWithLessThan17Characters" time="0.016" classname="com.agoda.PasswordChangeTestNG"/>
  <testcase name="passwordWithNoUpperCase" time="0.000" classname="com.agoda.PasswordChangeTestNG"/>
  <testcase name="passwordWithMoreThan50PercenOfDigits" time="0.015" classname="com.agoda.PasswordChangeTestNG"/>
  <testcase name="passwordWithSpecialCharsMoreThan4" time="0.000" classname="com.agoda.PasswordChangeTestNG"/>
  <testcase name="passwordWithAllSpecialChars" time="0.016" classname="com.agoda.PasswordChangeTestNG"/>
  <testcase name="validpasswordTest" time="0.015" classname="com.agoda.PasswordChangeTestNG"/>
  <testcase name="passwordWithNoLowerCase" time="0.016" classname="com.agoda.PasswordChangeTestNG"/>
  <testcase name="passwordWithWrongSystemPassword" time="0.000" classname="com.agoda.PasswordChangeTestNG"/>
  <testcase name="passwordWithAllDigits" time="0.026" classname="com.agoda.PasswordChangeTestNG"/>
</testsuite> <!-- com.agoda.PasswordChangeTestNG -->
